#
# A fatal error has been detected by the Java Runtime Environment:
#
#  SIGSEGV (0xb) at pc=0x000000010999c04c, pid=63414, tid=0x0000000000004e03
#
# JRE version: Java(TM) SE Runtime Environment (8.0_191-b12) (build 1.8.0_191-b12)
# Java VM: Java HotSpot(TM) 64-Bit Server VM (25.191-b12 mixed mode bsd-amd64 compressed oops)
# Problematic frame:
# V  [libjvm.dylib+0x39c04c]
#
# Failed to write core dump. Core dumps have been disabled. To enable core dumping, try "ulimit -c unlimited" before starting Java again
#
# If you would like to submit a bug report, please visit:
#   http://bugreport.java.com/bugreport/crash.jsp
#

---------------  T H R E A D  ---------------

Current thread (0x00007f92b4015800):  VMThread [stack: 0x000070000e3d6000,0x000070000e4d6000] [id=19971]

siginfo: si_signo: 11 (SIGSEGV), si_code: 1 (SEGV_MAPERR), si_addr: 0x0000000000000050

Registers:
RAX=0x000000010c3298d0, RBX=0x000000010c71f8d0, RCX=0x0000000000000004, RDX=0x000000010cca9df8
RSP=0x000070000e4d5ae0, RBP=0x000070000e4d5b60, RSI=0x0000000000000000, RDI=0x0000000000000000
R8 =0x0000000000000006, R9 =0x0000000000000001, R10=0x00000000f8000000, R11=0x00007f92b3b00000
R12=0x0000000000000011, R13=0x0000000000000000, R14=0x00007f92b1c1acb0, R15=0x000000010c329e90
RIP=0x000000010999c04c, EFLAGS=0x0000000000010202, ERR=0x0000000000000004
  TRAPNO=0x000000000000000e

Top of Stack: (sp=0x000070000e4d5ae0)
0x000070000e4d5ae0:   0100000000000000 0000000000000000
0x000070000e4d5af0:   000070000e8e1960 0000000000000000
0x000070000e4d5b00:   00000007c0062028 0000000109a5311e
0x000070000e4d5b10:   00007f92b1d0a268 0000000109e5a260
0x000070000e4d5b20:   000070000e4d5b40 000000010999c3ac
0x000070000e4d5b30:   00007f92b3b188a0 000070000e8e1900
0x000070000e4d5b40:   0000000000000011 0000000000000000
0x000070000e4d5b50:   0000000000000000 0000000109e5a260
0x000070000e4d5b60:   000070000e4d5ba0 0000000109bbd259
0x000070000e4d5b70:   00007f92b380b170 00007f92b1f06e10
0x000070000e4d5b80:   00007f92b1f06e20 00007f92b1f071f8
0x000070000e4d5b90:   00000000000003d8 000070000e8e1900
0x000070000e4d5ba0:   000070000e4d5c40 0000000109bbb7f1
0x000070000e4d5bb0:   0000000000000000 0000000000000000
0x000070000e4d5bc0:   0000000000000000 0000000000000000
0x000070000e4d5bd0:   0000000000000000 0000034183767cbc
0x000070000e4d5be0:   000070000e4d5c01 00007f92b380c240
0x000070000e4d5bf0:   0000000000000000 00007f92b380b170
0x000070000e4d5c00:   00007f92b1f06e10 00007f92b1f06e20
0x000070000e4d5c10:   00007f92b1f071f8 00000000000003d8
0x000070000e4d5c20:   00007f92b4015800 0000000000000000
0x000070000e4d5c30:   0000000109ef9150 0000000109ef0210
0x000070000e4d5c40:   000070000e4d5e20 0000000109bbbc3e
0x000070000e4d5c50:   fd00000070001004 000000000000ffff
0x000070000e4d5c60:   000070000e4d5de0 000070000e4d6000
0x000070000e4d5c70:   000070000e4d5de8 000070000e4d6000
0x000070000e4d5c80:   0000000000002800 000000010849ba00
0x000070000e4d5c90:   00007f92b1f03480 0000000000000000
0x000070000e4d5ca0:   000070000e4d5ca8 6e69747563657845
0x000070000e4d5cb0:   65706f204d562067 203a6e6f69746172
0x000070000e4d5cc0:   724265676e616843 746e696f706b6165
0x000070000e4d5cd0:   6500656e6f640073 00656e6f64206e00 

Instructions: (pc=0x000000010999c04c)
0x000000010999c02c:   88 45 01 00 00 48 63 d1 4c 8b 7c d0 08 41 f6 47
0x000000010999c03c:   2b 10 74 e7 49 8b 57 08 0f b7 72 22 48 8b 7a 08
0x000000010999c04c:   4c 39 74 f7 50 75 d4 0f b7 52 24 48 39 5c d7 50
0x000000010999c05c:   75 c9 48 8d 05 a3 3f 55 00 f6 40 01 08 0f 84 de 

Register to memory mapping:

RAX=0x000000010c3298d0 is pointing into metadata
RBX=0x000000010c71f8d0 is an unknown value
RCX=0x0000000000000004 is an unknown value
RDX=0x000000010cca9df8 is an unknown value
RSP=0x000070000e4d5ae0 is an unknown value
RBP=0x000070000e4d5b60 is an unknown value
RSI=0x0000000000000000 is an unknown value
RDI=0x0000000000000000 is an unknown value
R8 =0x0000000000000006 is an unknown value
R9 =0x0000000000000001 is an unknown value
R10=0x00000000f8000000 is an unknown value
R11=0x00007f92b3b00000 is an unknown value
R12=0x0000000000000011 is an unknown value
R13=0x0000000000000000 is an unknown value
R14=0x00007f92b1c1acb0 is an unknown value
R15={method} {0x000000010c329e90} 
[error occurred during error reporting (printing register info), id 0xb]

Stack: [0x000070000e3d6000,0x000070000e4d6000],  sp=0x000070000e4d5ae0,  free space=1022k
Native frames: (J=compiled Java code, j=interpreted, Vv=VM code, C=native code)
V  [libjvm.dylib+0x39c04c]
V  [libjvm.dylib+0x5bd259]
V  [libjvm.dylib+0x5bb7f1]
V  [libjvm.dylib+0x5bbc3e]
V  [libjvm.dylib+0x5bb55d]
V  [libjvm.dylib+0x48e0be]
C  [libsystem_pthread.dylib+0x36c1]  _pthread_body+0x154
C  [libsystem_pthread.dylib+0x356d]  _pthread_body+0x0
C  [libsystem_pthread.dylib+0x2c5d]  thread_start+0xd

VM_Operation (0x000070000e8e1900): ChangeBreakpoints, mode: safepoint, requested by thread 0x00007f92b4835000


---------------  P R O C E S S  ---------------

Java Threads: ( => current thread )
  0x00007f92b48ca000 JavaThread "Service Thread" daemon [_thread_blocked, id=22019, stack(0x000070000eef7000,0x000070000eff7000)]
  0x00007f92b6072000 JavaThread "C1 CompilerThread3" daemon [_thread_blocked, id=43267, stack(0x000070000edf4000,0x000070000eef4000)]
  0x00007f92b6071000 JavaThread "C2 CompilerThread2" daemon [_thread_blocked, id=16387, stack(0x000070000ecf1000,0x000070000edf1000)]
  0x00007f92b5816000 JavaThread "C2 CompilerThread1" daemon [_thread_blocked, id=16131, stack(0x000070000ebee000,0x000070000ecee000)]
  0x00007f92b5815800 JavaThread "C2 CompilerThread0" daemon [_thread_blocked, id=16899, stack(0x000070000eaeb000,0x000070000ebeb000)]
  0x00007f92b6012800 JavaThread "JDWP Command Reader" daemon [_thread_in_native, id=17411, stack(0x000070000e9e8000,0x000070000eae8000)]
  0x00007f92b2016800 JavaThread "JDWP Event Helper Thread" daemon [_thread_blocked, id=15363, stack(0x000070000e8e5000,0x000070000e9e5000)]
  0x00007f92b4835000 JavaThread "JDWP Transport Listener: dt_socket" daemon [_thread_blocked, id=14855, stack(0x000070000e7e2000,0x000070000e8e2000)]
  0x00007f92b4021000 JavaThread "Signal Dispatcher" daemon [_thread_blocked, id=14599, stack(0x000070000e6df000,0x000070000e7df000)]
  0x00007f92b2008800 JavaThread "Finalizer" daemon [_thread_blocked, id=12803, stack(0x000070000e5dc000,0x000070000e6dc000)]
  0x00007f92b600c000 JavaThread "Reference Handler" daemon [_thread_blocked, id=19459, stack(0x000070000e4d9000,0x000070000e5d9000)]
  0x00007f92b2009800 JavaThread "main" [_thread_blocked, id=5891, stack(0x000070000dabb000,0x000070000dbbb000)]

Other Threads:
=>0x00007f92b4015800 VMThread [stack: 0x000070000e3d6000,0x000070000e4d6000] [id=19971]
  0x00007f92b48fd000 WatcherThread [stack: 0x000070000effa000,0x000070000f0fa000] [id=42755]

VM state:at safepoint (normal execution)

VM Mutex/Monitor currently owned by a thread:  ([mutex/lock_event])
[0x00007f92b1f03380] Threads_lock - owner thread: 0x00007f92b4015800

Heap:
 PSYoungGen      total 263168K, used 22145K [0x000000076ab00000, 0x000000077ad00000, 0x00000007c0000000)
  eden space 262144K, 8% used [0x000000076ab00000,0x000000076bfbd4d8,0x000000077ab00000)
  from space 1024K, 88% used [0x000000077ac00000,0x000000077ace2f68,0x000000077ad00000)
  to   space 1024K, 0% used [0x000000077ab00000,0x000000077ab00000,0x000000077ac00000)
 ParOldGen       total 175104K, used 213K [0x00000006c0000000, 0x00000006cab00000, 0x000000076ab00000)
  object space 175104K, 0% used [0x00000006c0000000,0x00000006c00357b0,0x00000006cab00000)
 Metaspace       used 3258K, capacity 4664K, committed 4864K, reserved 1056768K
  class space    used 343K, capacity 424K, committed 512K, reserved 1048576K

Card table byte_map: [0x000000010a974000,0x000000010b175000] byte_map_base: 0x0000000107374000

Marking Bits: (ParMarkBitMap*) 0x0000000109ef9e00
 Begin Bits: [0x000000011df6c000, 0x0000000121f6c000)
 End Bits:   [0x0000000121f6c000, 0x0000000125f6c000)

Polling page: 0x0000000108501000

CodeCache: size=245760Kb used=1284Kb max_used=1293Kb free=244475Kb
 bounds [0x000000010ef6c000, 0x000000010f1dc000, 0x000000011df6c000]
 total_blobs=292 nmethods=58 adapters=157
 compilation: enabled

Compilation events (10 events):
Event: 0.518 Thread 0x00007f92b6072000 nmethod 53 0x000000010f0a98d0 code [0x000000010f0a9b00, 0x000000010f0aa5b8]
Event: 0.518 Thread 0x00007f92b6072000   57       3       java.lang.String::equals (81 bytes)
Event: 0.518 Thread 0x00007f92b6072000 nmethod 57 0x000000010f0aabd0 code [0x000000010f0aad60, 0x000000010f0ab2d0]
Event: 0.518 Thread 0x00007f92b6072000   54       3       java.util.ArrayList::elementData (7 bytes)
Event: 0.519 Thread 0x00007f92b6072000 nmethod 54 0x000000010f0a1f10 code [0x000000010f0a2080, 0x000000010f0a2210]
Event: 0.519 Thread 0x00007f92b6072000   55       1       java.net.URL::getProtocol (5 bytes)
Event: 0.519 Thread 0x00007f92b6072000 nmethod 55 0x000000010f0ab4d0 code [0x000000010f0ab620, 0x000000010f0ab730]
Event: 0.522 Thread 0x00007f92b5816000 nmethod 41% 0x000000010f0aea90 code [0x000000010f0aec00, 0x000000010f0af2f8]
Event: 2420.395 Thread 0x00007f92b6072000   58       3       java.util.HashMap::getNode (148 bytes)
Event: 2420.405 Thread 0x00007f92b6072000 nmethod 58 0x000000010f0adbd0 code [0x000000010f0adda0, 0x000000010f0ae768]

GC Heap History (10 events):
Event: 0.277 GC heap before
{Heap before GC invocations=2 (full 0):
 PSYoungGen      total 76288K, used 66325K [0x000000076ab00000, 0x0000000770000000, 0x00000007c0000000)
  eden space 65536K, 99% used [0x000000076ab00000,0x000000076eaf71c8,0x000000076eb00000)
  from space 10752K, 7% used [0x000000076eb00000,0x000000076ebce5c8,0x000000076f580000)
  to   space 10752K, 0% used [0x000000076f580000,0x000000076f580000,0x0000000770000000)
 ParOldGen       total 175104K, used 8K [0x00000006c0000000, 0x00000006cab00000, 0x000000076ab00000)
  object space 175104K, 0% used [0x00000006c0000000,0x00000006c0002000,0x00000006cab00000)
 Metaspace       used 3167K, capacity 4568K, committed 4864K, reserved 1056768K
  class space    used 339K, capacity 392K, committed 512K, reserved 1048576K
Event: 0.278 GC heap after
Heap after GC invocations=2 (full 0):
 PSYoungGen      total 76288K, used 865K [0x000000076ab00000, 0x0000000774000000, 0x00000007c0000000)
  eden space 65536K, 0% used [0x000000076ab00000,0x000000076ab00000,0x000000076eb00000)
  from space 10752K, 8% used [0x000000076f580000,0x000000076f658590,0x0000000770000000)
  to   space 10752K, 0% used [0x000000076eb00000,0x000000076eb00000,0x000000076f580000)
 ParOldGen       total 175104K, used 16K [0x00000006c0000000, 0x00000006cab00000, 0x000000076ab00000)
  object space 175104K, 0% used [0x00000006c0000000,0x00000006c0004000,0x00000006cab00000)
 Metaspace       used 3167K, capacity 4568K, committed 4864K, reserved 1056768K
  class space    used 339K, capacity 392K, committed 512K, reserved 1048576K
}
Event: 0.301 GC heap before
{Heap before GC invocations=3 (full 0):
 PSYoungGen      total 76288K, used 66312K [0x000000076ab00000, 0x0000000774000000, 0x00000007c0000000)
  eden space 65536K, 99% used [0x000000076ab00000,0x000000076eae9b20,0x000000076eb00000)
  from space 10752K, 8% used [0x000000076f580000,0x000000076f658590,0x0000000770000000)
  to   space 10752K, 0% used [0x000000076eb00000,0x000000076eb00000,0x000000076f580000)
 ParOldGen       total 175104K, used 16K [0x00000006c0000000, 0x00000006cab00000, 0x000000076ab00000)
  object space 175104K, 0% used [0x00000006c0000000,0x00000006c0004000,0x00000006cab00000)
 Metaspace       used 3180K, capacity 4568K, committed 4864K, reserved 1056768K
  class space    used 339K, capacity 392K, committed 512K, reserved 1048576K
Event: 0.302 GC heap after
Heap after GC invocations=3 (full 0):
 PSYoungGen      total 76288K, used 812K [0x000000076ab00000, 0x0000000774000000, 0x00000007c0000000)
  eden space 65536K, 0% used [0x000000076ab00000,0x000000076ab00000,0x000000076eb00000)
  from space 10752K, 7% used [0x000000076eb00000,0x000000076ebcb070,0x000000076f580000)
  to   space 10752K, 0% used [0x0000000773580000,0x0000000773580000,0x0000000774000000)
 ParOldGen       total 175104K, used 24K [0x00000006c0000000, 0x00000006cab00000, 0x000000076ab00000)
  object space 175104K, 0% used [0x00000006c0000000,0x00000006c0006000,0x00000006cab00000)
 Metaspace       used 3180K, capacity 4568K, committed 4864K, reserved 1056768K
  class space    used 339K, capacity 392K, committed 512K, reserved 1048576K
}
Event: 0.332 GC heap before
{Heap before GC invocations=4 (full 0):
 PSYoungGen      total 76288K, used 66293K [0x000000076ab00000, 0x0000000774000000, 0x00000007c0000000)
  eden space 65536K, 99% used [0x000000076ab00000,0x000000076eaf2588,0x000000076eb00000)
  from space 10752K, 7% used [0x000000076eb00000,0x000000076ebcb070,0x000000076f580000)
  to   space 10752K, 0% used [0x0000000773580000,0x0000000773580000,0x0000000774000000)
 ParOldGen       total 175104K, used 24K [0x00000006c0000000, 0x00000006cab00000, 0x000000076ab00000)
  object space 175104K, 0% used [0x00000006c0000000,0x00000006c0006000,0x00000006cab00000)
 Metaspace       used 3180K, capacity 4568K, committed 4864K, reserved 1056768K
  class space    used 339K, capacity 392K, committed 512K, reserved 1048576K
Event: 0.333 GC heap after
Heap after GC invocations=4 (full 0):
 PSYoungGen      total 141824K, used 820K [0x000000076ab00000, 0x0000000774000000, 0x00000007c0000000)
  eden space 131072K, 0% used [0x000000076ab00000,0x000000076ab00000,0x0000000772b00000)
  from space 10752K, 7% used [0x0000000773580000,0x000000077364d210,0x0000000774000000)
  to   space 10752K, 0% used [0x0000000772b00000,0x0000000772b00000,0x0000000773580000)
 ParOldGen       total 175104K, used 32K [0x00000006c0000000, 0x00000006cab00000, 0x000000076ab00000)
  object space 175104K, 0% used [0x00000006c0000000,0x00000006c0008000,0x00000006cab00000)
 Metaspace       used 3180K, capacity 4568K, committed 4864K, reserved 1056768K
  class space    used 339K, capacity 392K, committed 512K, reserved 1048576K
}
Event: 0.428 GC heap before
{Heap before GC invocations=5 (full 0):
 PSYoungGen      total 141824K, used 131892K [0x000000076ab00000, 0x0000000774000000, 0x00000007c0000000)
  eden space 131072K, 100% used [0x000000076ab00000,0x0000000772b00000,0x0000000772b00000)
  from space 10752K, 7% used [0x0000000773580000,0x000000077364d210,0x0000000774000000)
  to   space 10752K, 0% used [0x0000000772b00000,0x0000000772b00000,0x0000000773580000)
 ParOldGen       total 175104K, used 32K [0x00000006c0000000, 0x00000006cab00000, 0x000000076ab00000)
  object space 175104K, 0% used [0x00000006c0000000,0x00000006c0008000,0x00000006cab00000)
 Metaspace       used 3180K, capacity 4568K, committed 4864K, reserved 1056768K
  class space    used 339K, capacity 392K, committed 512K, reserved 1048576K
Event: 0.430 GC heap after
Heap after GC invocations=5 (full 0):
 PSYoungGen      total 141824K, used 979K [0x000000076ab00000, 0x000000077ad00000, 0x00000007c0000000)
  eden space 131072K, 0% used [0x000000076ab00000,0x000000076ab00000,0x0000000772b00000)
  from space 10752K, 9% used [0x0000000772b00000,0x0000000772bf4c78,0x0000000773580000)
  to   space 1024K, 0% used [0x000000077ac00000,0x000000077ac00000,0x000000077ad00000)
 ParOldGen       total 175104K, used 40K [0x00000006c0000000, 0x00000006cab00000, 0x000000076ab00000)
  object space 175104K, 0% used [0x00000006c0000000,0x00000006c000a000,0x00000006cab00000)
 Metaspace       used 3180K, capacity 4568K, committed 4864K, reserved 1056768K
  class space    used 339K, capacity 392K, committed 512K, reserved 1048576K
}
Event: 0.499 GC heap before
{Heap before GC invocations=6 (full 0):
 PSYoungGen      total 141824K, used 131934K [0x000000076ab00000, 0x000000077ad00000, 0x00000007c0000000)
  eden space 131072K, 99% used [0x000000076ab00000,0x0000000772ae2f80,0x0000000772b00000)
  from space 10752K, 9% used [0x0000000772b00000,0x0000000772bf4c78,0x0000000773580000)
  to   space 1024K, 0% used [0x000000077ac00000,0x000000077ac00000,0x000000077ad00000)
 ParOldGen       total 175104K, used 40K [0x00000006c0000000, 0x00000006cab00000, 0x000000076ab00000)
  object space 175104K, 0% used [0x00000006c0000000,0x00000006c000a000,0x00000006cab00000)
 Metaspace       used 3180K, capacity 4568K, committed 4864K, reserved 1056768K
  class space    used 339K, capacity 392K, committed 512K, reserved 1048576K
Event: 0.502 GC heap after
Heap after GC invocations=6 (full 0):
 PSYoungGen      total 263168K, used 907K [0x000000076ab00000, 0x000000077ad00000, 0x00000007c0000000)
  eden space 262144K, 0% used [0x000000076ab00000,0x000000076ab00000,0x000000077ab00000)
  from space 1024K, 88% used [0x000000077ac00000,0x000000077ace2f68,0x000000077ad00000)
  to   space 1024K, 0% used [0x000000077ab00000,0x000000077ab00000,0x000000077ac00000)
 ParOldGen       total 175104K, used 213K [0x00000006c0000000, 0x00000006cab00000, 0x000000076ab00000)
  object space 175104K, 0% used [0x00000006c0000000,0x00000006c00357b0,0x00000006cab00000)
 Metaspace       used 3180K, capacity 4568K, committed 4864K, reserved 1056768K
  class space    used 339K, capacity 392K, committed 512K, reserved 1048576K
}

Deoptimization events (1 events):
Event: 0.507 Thread 0x00007f92b2009800 Uncommon trap: reason=unstable_if action=reinterpret pc=0x000000010f0a85b4 method=java.io.BufferedReader.readLine(Z)Ljava/lang/String; @ 55

Classes redefined (7 events):
Event: 330.875 Thread 0x00007f92b4015800 redefined class name=SequenceTools, count=1
Event: 330.876 Thread 0x00007f92b4015800 redefined class name=CodonTranslater, count=1
Event: 477.171 Thread 0x00007f92b4015800 redefined class name=SequenceTools, count=2
Event: 477.172 Thread 0x00007f92b4015800 redefined class name=CodonTranslater, count=2
Event: 2420.400 Thread 0x00007f92b4015800 redefined class name=SequenceTools, count=3
Event: 2420.401 Thread 0x00007f92b4015800 redefined class name=CodonTranslater, count=3
Event: 3183.379 Thread 0x00007f92b4015800 redefined class name=SequenceTools, count=4

Internal exceptions (10 events):
Event: 0.046 Thread 0x00007f92b2009800 Exception <a 'java/lang/NoSuchMethodError': Method sun.misc.Unsafe.defineClass(Ljava/lang/String;[BII)Ljava/lang/Class; name or signature does not match> (0x000000076ab07cb0) thrown at [/Users/java_re/workspace/8-2-build-macosx-x86_64/jdk8u191/11896/hotsp
Event: 0.046 Thread 0x00007f92b2009800 Exception <a 'java/lang/NoSuchMethodError': Method sun.misc.Unsafe.prefetchRead(Ljava/lang/Object;J)V name or signature does not match> (0x000000076ab07f98) thrown at [/Users/java_re/workspace/8-2-build-macosx-x86_64/jdk8u191/11896/hotspot/src/share/vm/pr
Event: 0.155 Thread 0x00007f92b2009800 Exception <a 'java/security/PrivilegedActionException'> (0x000000076abe9d38) thrown at [/Users/java_re/workspace/8-2-build-macosx-x86_64/jdk8u191/11896/hotspot/src/share/vm/prims/jvm.cpp, line 1435]
Event: 0.155 Thread 0x00007f92b2009800 Exception <a 'java/security/PrivilegedActionException'> (0x000000076abe9f48) thrown at [/Users/java_re/workspace/8-2-build-macosx-x86_64/jdk8u191/11896/hotspot/src/share/vm/prims/jvm.cpp, line 1435]
Event: 0.155 Thread 0x00007f92b2009800 Exception <a 'java/security/PrivilegedActionException'> (0x000000076abeab08) thrown at [/Users/java_re/workspace/8-2-build-macosx-x86_64/jdk8u191/11896/hotspot/src/share/vm/prims/jvm.cpp, line 1435]
Event: 0.155 Thread 0x00007f92b2009800 Exception <a 'java/security/PrivilegedActionException'> (0x000000076abead18) thrown at [/Users/java_re/workspace/8-2-build-macosx-x86_64/jdk8u191/11896/hotspot/src/share/vm/prims/jvm.cpp, line 1435]
Event: 0.155 Thread 0x00007f92b2009800 Exception <a 'java/security/PrivilegedActionException'> (0x000000076abeb848) thrown at [/Users/java_re/workspace/8-2-build-macosx-x86_64/jdk8u191/11896/hotspot/src/share/vm/prims/jvm.cpp, line 1435]
Event: 0.155 Thread 0x00007f92b2009800 Exception <a 'java/security/PrivilegedActionException'> (0x000000076abeba58) thrown at [/Users/java_re/workspace/8-2-build-macosx-x86_64/jdk8u191/11896/hotspot/src/share/vm/prims/jvm.cpp, line 1435]
Event: 0.155 Thread 0x00007f92b2009800 Exception <a 'java/security/PrivilegedActionException'> (0x000000076abec5a0) thrown at [/Users/java_re/workspace/8-2-build-macosx-x86_64/jdk8u191/11896/hotspot/src/share/vm/prims/jvm.cpp, line 1435]
Event: 0.155 Thread 0x00007f92b2009800 Exception <a 'java/security/PrivilegedActionException'> (0x000000076abec7b0) thrown at [/Users/java_re/workspace/8-2-build-macosx-x86_64/jdk8u191/11896/hotspot/src/share/vm/prims/jvm.cpp, line 1435]

Events (10 events):
Event: 3183.411 Executing VM operation: GetOrSetLocal done
Event: 3501.653 Executing VM operation: ChangeBreakpoints
Event: 3501.653 Executing VM operation: ChangeBreakpoints done
Event: 3501.653 Executing VM operation: ChangeBreakpoints
Event: 3501.653 Executing VM operation: ChangeBreakpoints done
Event: 3508.169 Executing VM operation: ChangeBreakpoints
Event: 3508.169 Executing VM operation: ChangeBreakpoints done
Event: 3578.359 Executing VM operation: ChangeBreakpoints
Event: 3578.359 Executing VM operation: ChangeBreakpoints done
Event: 3579.913 Executing VM operation: ChangeBreakpoints


Dynamic libraries:
0x00007fff52a1a000 	/System/Library/Frameworks/Cocoa.framework/Versions/A/Cocoa
0x00007fff5edd7000 	/System/Library/Frameworks/Security.framework/Versions/A/Security
0x00007fff51689000 	/System/Library/Frameworks/ApplicationServices.framework/Versions/A/ApplicationServices
0x00007fff7a94b000 	/usr/lib/libz.1.dylib
0x00007fff7895f000 	/usr/lib/libSystem.B.dylib
0x00007fff79f60000 	/usr/lib/libobjc.A.dylib
0x00007fff531b4000 	/System/Library/Frameworks/CoreFoundation.framework/Versions/A/CoreFoundation
0x00007fff552ea000 	/System/Library/Frameworks/Foundation.framework/Versions/C/Foundation
0x00007fff507da000 	/System/Library/Frameworks/AppKit.framework/Versions/C/AppKit
0x00007fff52d92000 	/System/Library/Frameworks/CoreData.framework/Versions/A/CoreData
0x00007fff72390000 	/System/Library/PrivateFrameworks/RemoteViewServices.framework/Versions/A/RemoteViewServices
0x00007fff769e5000 	/System/Library/PrivateFrameworks/UIFoundation.framework/Versions/A/UIFoundation
0x00007fff673d6000 	/System/Library/PrivateFrameworks/DFRFoundation.framework/Versions/A/DFRFoundation
0x00007fff577c1000 	/System/Library/Frameworks/Metal.framework/Versions/A/Metal
0x00007fff67577000 	/System/Library/PrivateFrameworks/DesktopServicesPriv.framework/Versions/A/DesktopServicesPriv
0x00007fff79562000 	/usr/lib/libenergytrace.dylib
0x00007fff74b09000 	/System/Library/PrivateFrameworks/SkyLight.framework/Versions/A/SkyLight
0x00007fff53656000 	/System/Library/Frameworks/CoreGraphics.framework/Versions/A/CoreGraphics
0x00007fff7895a000 	/usr/lib/libScreenReader.dylib
0x00007fff4f79b000 	/System/Library/Frameworks/Accelerate.framework/Versions/A/Accelerate
0x00007fff55a61000 	/System/Library/Frameworks/IOSurface.framework/Versions/A/IOSurface
0x00007fff51bd3000 	/System/Library/Frameworks/AudioToolbox.framework/Versions/A/AudioToolbox
0x00007fff51e60000 	/System/Library/Frameworks/AudioUnit.framework/Versions/A/AudioUnit
0x00007fff67472000 	/System/Library/PrivateFrameworks/DataDetectorsCore.framework/Versions/A/DataDetectorsCore
0x00007fff52521000 	/System/Library/Frameworks/Carbon.framework/Versions/A/Frameworks/HIToolbox.framework/Versions/A/HIToolbox
0x00007fff796bc000 	/usr/lib/libicucore.A.dylib
0x00007fff5e356000 	/System/Library/Frameworks/QuartzCore.framework/Versions/A/QuartzCore
0x00007fff52907000 	/System/Library/Frameworks/Carbon.framework/Versions/A/Frameworks/SpeechRecognition.framework/Versions/A/SpeechRecognition
0x00007fff78abb000 	/usr/lib/libauto.dylib
0x00007fff7a83a000 	/usr/lib/libxml2.2.dylib
0x00007fff67050000 	/System/Library/PrivateFrameworks/CoreUI.framework/Versions/A/CoreUI
0x00007fff52c6e000 	/System/Library/Frameworks/CoreAudio.framework/Versions/A/CoreAudio
0x00007fff55124000 	/System/Library/Frameworks/DiskArbitration.framework/Versions/A/DiskArbitration
0x00007fff79930000 	/usr/lib/liblangid.dylib
0x00007fff6e8df000 	/System/Library/PrivateFrameworks/MultitouchSupport.framework/Versions/A/MultitouchSupport
0x00007fff559c4000 	/System/Library/Frameworks/IOKit.framework/Versions/A/IOKit
0x00007fff785f7000 	/usr/lib/libDiagnosticMessagesClient.dylib
0x00007fff54314000 	/System/Library/Frameworks/CoreServices.framework/Versions/A/CoreServices
0x00007fff70379000 	/System/Library/PrivateFrameworks/PerformanceAnalysis.framework/Versions/A/PerformanceAnalysis
0x00007fff5d500000 	/System/Library/Frameworks/OpenGL.framework/Versions/A/OpenGL
0x00007fff52a28000 	/System/Library/Frameworks/ColorSync.framework/Versions/A/ColorSync
0x00007fff53c65000 	/System/Library/Frameworks/CoreImage.framework/Versions/A/CoreImage
0x00007fff54c95000 	/System/Library/Frameworks/CoreText.framework/Versions/A/CoreText
0x00007fff55abf000 	/System/Library/Frameworks/ImageIO.framework/Versions/A/ImageIO
0x00007fff638a9000 	/System/Library/PrivateFrameworks/Backup.framework/Versions/A/Backup
0x00007fff78a0b000 	/usr/lib/libarchive.2.dylib
0x00007fff52175000 	/System/Library/Frameworks/CFNetwork.framework/Versions/A/CFNetwork
0x00007fff5f553000 	/System/Library/Frameworks/SystemConfiguration.framework/Versions/A/SystemConfiguration
0x00007fff78520000 	/usr/lib/libCRFSuite.dylib
0x00007fff78b93000 	/usr/lib/libc++.1.dylib
0x00007fff78bea000 	/usr/lib/libc++abi.dylib
0x00007fff7a9fb000 	/usr/lib/system/libcache.dylib
0x00007fff7aa00000 	/usr/lib/system/libcommonCrypto.dylib
0x00007fff7aa0b000 	/usr/lib/system/libcompiler_rt.dylib
0x00007fff7aa13000 	/usr/lib/system/libcopyfile.dylib
0x00007fff7aa1c000 	/usr/lib/system/libcorecrypto.dylib
0x00007fff7ab29000 	/usr/lib/system/libdispatch.dylib
0x00007fff7ab63000 	/usr/lib/system/libdyld.dylib
0x00007fff7ab81000 	/usr/lib/system/libkeymgr.dylib
0x00007fff7ab8f000 	/usr/lib/system/liblaunch.dylib
0x00007fff7ab90000 	/usr/lib/system/libmacho.dylib
0x00007fff7ab95000 	/usr/lib/system/libquarantine.dylib
0x00007fff7ab98000 	/usr/lib/system/libremovefile.dylib
0x00007fff7ab9a000 	/usr/lib/system/libsystem_asl.dylib
0x00007fff7abb2000 	/usr/lib/system/libsystem_blocks.dylib
0x00007fff7abb3000 	/usr/lib/system/libsystem_c.dylib
0x00007fff7ac3d000 	/usr/lib/system/libsystem_configuration.dylib
0x00007fff7ac41000 	/usr/lib/system/libsystem_coreservices.dylib
0x00007fff7ac45000 	/usr/lib/system/libsystem_darwin.dylib
0x00007fff7ac47000 	/usr/lib/system/libsystem_dnssd.dylib
0x00007fff7ac4e000 	/usr/lib/system/libsystem_info.dylib
0x00007fff7acbe000 	/usr/lib/system/libsystem_m.dylib
0x00007fff7ad0a000 	/usr/lib/system/libsystem_malloc.dylib
0x00007fff7ad2a000 	/usr/lib/system/libsystem_network.dylib
0x00007fff7adcf000 	/usr/lib/system/libsystem_networkextension.dylib
0x00007fff7adda000 	/usr/lib/system/libsystem_notify.dylib
0x00007fff7adf8000 	/usr/lib/system/libsystem_sandbox.dylib
0x00007fff7adfc000 	/usr/lib/system/libsystem_secinit.dylib
0x00007fff7ac98000 	/usr/lib/system/libsystem_kernel.dylib
0x00007fff7ade4000 	/usr/lib/system/libsystem_platform.dylib
0x00007fff7adec000 	/usr/lib/system/libsystem_pthread.dylib
0x00007fff7adfe000 	/usr/lib/system/libsystem_symptoms.dylib
0x00007fff7ae06000 	/usr/lib/system/libsystem_trace.dylib
0x00007fff7ae1b000 	/usr/lib/system/libunwind.dylib
0x00007fff7ae21000 	/usr/lib/system/libxpc.dylib
0x00007fff7844d000 	/usr/lib/closure/libclosured.dylib
0x00007fff78b74000 	/usr/lib/libbsm.0.dylib
0x00007fff7ab82000 	/usr/lib/system/libkxld.dylib
0x00007fff78831000 	/usr/lib/libOpenScriptingUtil.dylib
0x00007fff78ee4000 	/usr/lib/libcoretls.dylib
0x00007fff78efd000 	/usr/lib/libcoretls_cfhelpers.dylib
0x00007fff7a361000 	/usr/lib/libpam.2.dylib
0x00007fff7a487000 	/usr/lib/libsqlite3.dylib
0x00007fff7a829000 	/usr/lib/libxar.1.dylib
0x00007fff78b85000 	/usr/lib/libbz2.1.0.dylib
0x00007fff79932000 	/usr/lib/liblzma.5.dylib
0x00007fff79e13000 	/usr/lib/libnetwork.dylib
0x00007fff789f4000 	/usr/lib/libapple_nghttp2.dylib
0x00007fff7a368000 	/usr/lib/libpcap.A.dylib
0x00007fff78abc000 	/usr/lib/libboringssl.dylib
0x00007fff7a7eb000 	/usr/lib/libusrtcp.dylib
0x00007fff789f3000 	/usr/lib/libapple_crypto.dylib
0x00007fff54697000 	/System/Library/Frameworks/CoreServices.framework/Versions/A/Frameworks/FSEvents.framework/Versions/A/FSEvents
0x00007fff5438a000 	/System/Library/Frameworks/CoreServices.framework/Versions/A/Frameworks/CarbonCore.framework/Versions/A/CarbonCore
0x00007fff54859000 	/System/Library/Frameworks/CoreServices.framework/Versions/A/Frameworks/Metadata.framework/Versions/A/Metadata
0x00007fff54909000 	/System/Library/Frameworks/CoreServices.framework/Versions/A/Frameworks/OSServices.framework/Versions/A/OSServices
0x00007fff54967000 	/System/Library/Frameworks/CoreServices.framework/Versions/A/Frameworks/SearchKit.framework/Versions/A/SearchKit
0x00007fff54315000 	/System/Library/Frameworks/CoreServices.framework/Versions/A/Frameworks/AE.framework/Versions/A/AE
0x00007fff546a0000 	/System/Library/Frameworks/CoreServices.framework/Versions/A/Frameworks/LaunchServices.framework/Versions/A/LaunchServices
0x00007fff54662000 	/System/Library/Frameworks/CoreServices.framework/Versions/A/Frameworks/DictionaryServices.framework/Versions/A/DictionaryServices
0x00007fff549d6000 	/System/Library/Frameworks/CoreServices.framework/Versions/A/Frameworks/SharedFileList.framework/Versions/A/SharedFileList
0x00007fff5898d000 	/System/Library/Frameworks/NetFS.framework/Versions/A/NetFS
0x00007fff6eb6c000 	/System/Library/PrivateFrameworks/NetAuth.framework/Versions/A/NetAuth
0x00007fff782e7000 	/System/Library/PrivateFrameworks/login.framework/Versions/A/Frameworks/loginsupport.framework/Versions/A/loginsupport
0x00007fff76669000 	/System/Library/PrivateFrameworks/TCC.framework/Versions/A/TCC
0x00007fff79a13000 	/usr/lib/libmecabra.dylib
0x00007fff5168a000 	/System/Library/Frameworks/ApplicationServices.framework/Versions/A/Frameworks/ATS.framework/Versions/A/ATS
0x00007fff51a38000 	/System/Library/Frameworks/ApplicationServices.framework/Versions/A/Frameworks/ColorSyncLegacy.framework/Versions/A/ColorSyncLegacy
0x00007fff51adc000 	/System/Library/Frameworks/ApplicationServices.framework/Versions/A/Frameworks/HIServices.framework/Versions/A/HIServices
0x00007fff51b2f000 	/System/Library/Frameworks/ApplicationServices.framework/Versions/A/Frameworks/LangAnalysis.framework/Versions/A/LangAnalysis
0x00007fff51b3e000 	/System/Library/Frameworks/ApplicationServices.framework/Versions/A/Frameworks/PrintCore.framework/Versions/A/PrintCore
0x00007fff51b8b000 	/System/Library/Frameworks/ApplicationServices.framework/Versions/A/Frameworks/QD.framework/Versions/A/QD
0x00007fff51bc6000 	/System/Library/Frameworks/ApplicationServices.framework/Versions/A/Frameworks/SpeechSynthesis.framework/Versions/A/SpeechSynthesis
0x00007fff530e7000 	/System/Library/Frameworks/CoreDisplay.framework/Versions/A/CoreDisplay
0x00007fff4f7b3000 	/System/Library/Frameworks/Accelerate.framework/Versions/A/Frameworks/vImage.framework/Versions/A/vImage
0x00007fff504ea000 	/System/Library/Frameworks/Accelerate.framework/Versions/A/Frameworks/vecLib.framework/Versions/A/vecLib
0x00007fff5028c000 	/System/Library/Frameworks/Accelerate.framework/Versions/A/Frameworks/vecLib.framework/Versions/A/libvDSP.dylib
0x00007fff4fe0d000 	/System/Library/Frameworks/Accelerate.framework/Versions/A/Frameworks/vecLib.framework/Versions/A/libBNNS.dylib
0x00007fff50213000 	/System/Library/Frameworks/Accelerate.framework/Versions/A/Frameworks/vecLib.framework/Versions/A/libQuadrature.dylib
0x00007fff50439000 	/System/Library/Frameworks/Accelerate.framework/Versions/A/Frameworks/vecLib.framework/Versions/A/libvMisc.dylib
0x00007fff4fe3c000 	/System/Library/Frameworks/Accelerate.framework/Versions/A/Frameworks/vecLib.framework/Versions/A/libLAPACK.dylib
0x00007fff4fcb2000 	/System/Library/Frameworks/Accelerate.framework/Versions/A/Frameworks/vecLib.framework/Versions/A/libBLAS.dylib
0x00007fff501fd000 	/System/Library/Frameworks/Accelerate.framework/Versions/A/Frameworks/vecLib.framework/Versions/A/libLinearAlgebra.dylib
0x00007fff50219000 	/System/Library/Frameworks/Accelerate.framework/Versions/A/Frameworks/vecLib.framework/Versions/A/libSparse.dylib
0x00007fff50278000 	/System/Library/Frameworks/Accelerate.framework/Versions/A/Frameworks/vecLib.framework/Versions/A/libSparseBLAS.dylib
0x00007fff6d20a000 	/System/Library/PrivateFrameworks/IOAccelerator.framework/Versions/A/IOAccelerator
0x00007fff6d215000 	/System/Library/PrivateFrameworks/IOPresentment.framework/Versions/A/IOPresentment
0x00007fff673e8000 	/System/Library/PrivateFrameworks/DSExternalDisplay.framework/Versions/A/DSExternalDisplay
0x00007fff5c982000 	/System/Library/Frameworks/OpenGL.framework/Versions/A/Libraries/libCoreFSCache.dylib
0x00007fff54de4000 	/System/Library/Frameworks/CoreVideo.framework/Versions/A/CoreVideo
0x00007fff6c85d000 	/System/Library/PrivateFrameworks/GraphVisualizer.framework/Versions/A/GraphVisualizer
0x00007fff57984000 	/System/Library/Frameworks/MetalPerformanceShaders.framework/Versions/A/MetalPerformanceShaders
0x00007fff7862f000 	/usr/lib/libFosl_dynamic.dylib
0x00007fff6841b000 	/System/Library/PrivateFrameworks/FaceCore.framework/Versions/A/FaceCore
0x00007fff5b78a000 	/System/Library/Frameworks/OpenCL.framework/Versions/A/OpenCL
0x00007fff78c21000 	/usr/lib/libcompression.dylib
0x00007fff51789000 	/System/Library/Frameworks/ApplicationServices.framework/Versions/A/Frameworks/ATS.framework/Versions/A/Resources/libFontParser.dylib
0x00007fff518ac000 	/System/Library/Frameworks/ApplicationServices.framework/Versions/A/Frameworks/ATS.framework/Versions/A/Resources/libFontRegistry.dylib
0x00007fff55d24000 	/System/Library/Frameworks/ImageIO.framework/Versions/A/Resources/libJPEG.dylib
0x00007fff5604d000 	/System/Library/Frameworks/ImageIO.framework/Versions/A/Resources/libTIFF.dylib
0x00007fff56023000 	/System/Library/Frameworks/ImageIO.framework/Versions/A/Resources/libPng.dylib
0x00007fff55c37000 	/System/Library/Frameworks/ImageIO.framework/Versions/A/Resources/libGIF.dylib
0x00007fff55c3c000 	/System/Library/Frameworks/ImageIO.framework/Versions/A/Resources/libJP2.dylib
0x00007fff5604a000 	/System/Library/Frameworks/ImageIO.framework/Versions/A/Resources/libRadiance.dylib
0x00007fff6300a000 	/System/Library/PrivateFrameworks/AppleJPEG.framework/Versions/A/AppleJPEG
0x00007fff6e655000 	/System/Library/PrivateFrameworks/MetalTools.framework/Versions/A/MetalTools
0x00007fff5785d000 	/System/Library/Frameworks/MetalPerformanceShaders.framework/Frameworks/MPSCore.framework/Versions/A/MPSCore
0x00007fff57873000 	/System/Library/Frameworks/MetalPerformanceShaders.framework/Frameworks/MPSImage.framework/Versions/A/MPSImage
0x00007fff578df000 	/System/Library/Frameworks/MetalPerformanceShaders.framework/Frameworks/MPSMatrix.framework/Versions/A/MPSMatrix
0x00007fff57903000 	/System/Library/Frameworks/MetalPerformanceShaders.framework/Frameworks/MPSNeuralNetwork.framework/Versions/A/MPSNeuralNetwork
0x00007fff5cb4a000 	/System/Library/Frameworks/OpenGL.framework/Versions/A/Libraries/libGLU.dylib
0x00007fff5c98c000 	/System/Library/Frameworks/OpenGL.framework/Versions/A/Libraries/libGFXShared.dylib
0x00007fff5c995000 	/System/Library/Frameworks/OpenGL.framework/Versions/A/Libraries/libGL.dylib
0x00007fff5c9a1000 	/System/Library/Frameworks/OpenGL.framework/Versions/A/Libraries/libGLImage.dylib
0x00007fff5c97f000 	/System/Library/Frameworks/OpenGL.framework/Versions/A/Libraries/libCVMSPluginSupport.dylib
0x00007fff5c987000 	/System/Library/Frameworks/OpenGL.framework/Versions/A/Libraries/libCoreVMClient.dylib
0x00007fff793ce000 	/usr/lib/libcups.2.dylib
0x00007fff56e29000 	/System/Library/Frameworks/Kerberos.framework/Versions/A/Kerberos
0x00007fff5571f000 	/System/Library/Frameworks/GSS.framework/Versions/A/GSS
0x00007fff7a41b000 	/usr/lib/libresolv.9.dylib
0x00007fff795ca000 	/usr/lib/libiconv.2.dylib
0x00007fff6c8e4000 	/System/Library/PrivateFrameworks/Heimdal.framework/Versions/A/Heimdal
0x00007fff79599000 	/usr/lib/libheimdal-asn1.dylib
0x00007fff5b7f5000 	/System/Library/Frameworks/OpenDirectory.framework/Versions/A/OpenDirectory
0x00007fff652c0000 	/System/Library/PrivateFrameworks/CommonAuth.framework/Versions/A/CommonAuth
0x00007fff5b7d8000 	/System/Library/Frameworks/OpenDirectory.framework/Versions/A/Frameworks/CFOpenDirectory.framework/Versions/A/CFOpenDirectory
0x00007fff5f0ef000 	/System/Library/Frameworks/SecurityFoundation.framework/Versions/A/SecurityFoundation
0x00007fff621f6000 	/System/Library/PrivateFrameworks/APFS.framework/Versions/A/APFS
0x00007fff7a825000 	/usr/lib/libutil.dylib
0x00007fff6308d000 	/System/Library/PrivateFrameworks/AppleSauce.framework/Versions/A/AppleSauce
0x00007fff6d9ec000 	/System/Library/PrivateFrameworks/LinguisticData.framework/Versions/A/LinguisticData
0x00007fff7994c000 	/usr/lib/libmarisa.dylib
0x00007fff6d9a6000 	/System/Library/PrivateFrameworks/Lexicon.framework/Versions/A/Lexicon
0x00007fff7855a000 	/usr/lib/libChineseTokenizer.dylib
0x00007fff78c10000 	/usr/lib/libcmph.dylib
0x00007fff6d8b0000 	/System/Library/PrivateFrameworks/LanguageModeling.framework/Versions/A/LanguageModeling
0x00007fff65cd6000 	/System/Library/PrivateFrameworks/CoreEmoji.framework/Versions/A/CoreEmoji
0x00007fff5f1ab000 	/System/Library/Frameworks/ServiceManagement.framework/Versions/A/ServiceManagement
0x00007fff638a1000 	/System/Library/PrivateFrameworks/BackgroundTaskManagement.framework/Versions/A/BackgroundTaskManagement
0x00007fff7a922000 	/usr/lib/libxslt.1.dylib
0x00007fff52831000 	/System/Library/Frameworks/Carbon.framework/Versions/A/Frameworks/Ink.framework/Versions/A/Ink
0x00007fff7687d000 	/System/Library/PrivateFrameworks/TextureIO.framework/Versions/A/TextureIO
0x00007fff78a36000 	/usr/lib/libate.dylib
0x00007fff6734a000 	/System/Library/PrivateFrameworks/CrashReporterSupport.framework/Versions/A/CrashReporterSupport
0x00007fff73cd0000 	/System/Library/PrivateFrameworks/Sharing.framework/Versions/A/Sharing
0x00007fff6d5f6000 	/System/Library/PrivateFrameworks/IconServices.framework/Versions/A/IconServices
0x00007fff72195000 	/System/Library/PrivateFrameworks/ProtocolBuffer.framework/Versions/A/ProtocolBuffer
0x00007fff62e95000 	/System/Library/PrivateFrameworks/Apple80211.framework/Versions/A/Apple80211
0x00007fff54e1f000 	/System/Library/Frameworks/CoreWLAN.framework/Versions/A/CoreWLAN
0x00007fff67185000 	/System/Library/PrivateFrameworks/CoreUtils.framework/Versions/A/CoreUtils
0x00007fff55861000 	/System/Library/Frameworks/IOBluetooth.framework/Versions/A/IOBluetooth
0x00007fff672e5000 	/System/Library/PrivateFrameworks/CoreWiFi.framework/Versions/A/CoreWiFi
0x00007fff52d68000 	/System/Library/Frameworks/CoreBluetooth.framework/Versions/A/CoreBluetooth
0x00007fff73e0b000 	/System/Library/PrivateFrameworks/SignpostNotification.framework/Versions/A/SignpostNotification
0x00007fff67536000 	/System/Library/PrivateFrameworks/DebugSymbols.framework/Versions/A/DebugSymbols
0x00007fff66f3c000 	/System/Library/PrivateFrameworks/CoreSymbolication.framework/Versions/A/CoreSymbolication
0x00007fff760f3000 	/System/Library/PrivateFrameworks/Symbolication.framework/Versions/A/Symbolication
0x00007fff62ebf000 	/System/Library/PrivateFrameworks/AppleFSCompression.framework/Versions/A/AppleFSCompression
0x00007fff75554000 	/System/Library/PrivateFrameworks/SpeechRecognitionCore.framework/Versions/A/SpeechRecognitionCore
0x0000000109600000 	/Library/Java/JavaVirtualMachines/jdk1.8.0_191.jdk/Contents/Home/jre/lib/server/libjvm.dylib
0x00007fff7a71c000 	/usr/lib/libstdc++.6.0.9.dylib
0x00000001084bd000 	/Library/Java/JavaVirtualMachines/jdk1.8.0_191.jdk/Contents/Home/jre/lib/libverify.dylib
0x00000001084cb000 	/Library/Java/JavaVirtualMachines/jdk1.8.0_191.jdk/Contents/Home/jre/lib/libjava.dylib
0x0000000108502000 	/Library/Java/JavaVirtualMachines/jdk1.8.0_191.jdk/Contents/Home/jre/lib/libjdwp.dylib
0x000000010854d000 	/Library/Java/JavaVirtualMachines/jdk1.8.0_191.jdk/Contents/Home/jre/lib/libnpt.dylib
0x0000000108551000 	/Library/Java/JavaVirtualMachines/jdk1.8.0_191.jdk/Contents/Home/jre/lib/libinstrument.dylib
0x00000001085ef000 	/Library/Java/JavaVirtualMachines/jdk1.8.0_191.jdk/Contents/Home/jre/lib/libzip.dylib
0x000000010e67d000 	/Library/Java/JavaVirtualMachines/jdk1.8.0_191.jdk/Contents/Home/jre/lib/libdt_socket.dylib

VM Arguments:
jvm_args: -agentlib:jdwp=transport=dt_socket,address=127.0.0.1:54993,suspend=y,server=n -javaagent:/Users/rlubaschewski/Library/Caches/IdeaIC2018.2/captureAgent/debugger-agent.jar=file:/private/var/folders/n7/fdkv11cx6dg4ccw9l2zn18x00000gp/T/capture.props -Dfile.encoding=UTF-8 
java_command: SequenceTools
java_class_path (initial): /Library/Java/JavaVirtualMachines/jdk1.8.0_191.jdk/Contents/Home/jre/lib/charsets.jar:/Library/Java/JavaVirtualMachines/jdk1.8.0_191.jdk/Contents/Home/jre/lib/deploy.jar:/Library/Java/JavaVirtualMachines/jdk1.8.0_191.jdk/Contents/Home/jre/lib/ext/cldrdata.jar:/Library/Java/JavaVirtualMachines/jdk1.8.0_191.jdk/Contents/Home/jre/lib/ext/dnsns.jar:/Library/Java/JavaVirtualMachines/jdk1.8.0_191.jdk/Contents/Home/jre/lib/ext/jaccess.jar:/Library/Java/JavaVirtualMachines/jdk1.8.0_191.jdk/Contents/Home/jre/lib/ext/jfxrt.jar:/Library/Java/JavaVirtualMachines/jdk1.8.0_191.jdk/Contents/Home/jre/lib/ext/localedata.jar:/Library/Java/JavaVirtualMachines/jdk1.8.0_191.jdk/Contents/Home/jre/lib/ext/nashorn.jar:/Library/Java/JavaVirtualMachines/jdk1.8.0_191.jdk/Contents/Home/jre/lib/ext/sunec.jar:/Library/Java/JavaVirtualMachines/jdk1.8.0_191.jdk/Contents/Home/jre/lib/ext/sunjce_provider.jar:/Library/Java/JavaVirtualMachines/jdk1.8.0_191.jdk/Contents/Home/jre/lib/ext/sunpkcs11.jar:/Library/Java/JavaVirtualMachines/jdk1.8.0_191.jdk/Contents/Home/jre/lib/ext/zipfs.jar:/Library/Java/JavaVirtualMachines/jdk1.8.0_191.jdk/Contents/Home/jre/lib/javaws.jar:/Library/Java/JavaVirtualMachines/jdk1.8.0_191.jdk/Contents/Home/jre/lib/jce.jar:/Library/Java/JavaVirtualMachines/jdk1.8.0_191.jdk/Contents/Home/jre/lib/jfr.jar:/Library/Java/JavaVirtualMachines/jdk1.8.0_191.jdk/Contents/Home/jre/lib/jfxswt.jar:/Library/Java/JavaVirtualMachines/jdk1.8.0_191.jdk/Contents/Home/jre/lib/jsse.jar:/Library/Java/JavaVirtualMachines/jdk1.8.0_191.jdk/Contents/Home/jre/lib/management-agent.jar:/Library/Java/JavaVirtualMachines/jdk1.8.0_191.jdk/Contents/Home/jre/lib/plugin.jar:/Library/Java/JavaVirtualMachines/jdk1.8.0_191.jdk/Contents/Home/jre/lib/resources.jar:/Library/Java/JavaVirtualMachines/jdk1.8.0_191.jdk/Contents/Home/jre/lib/rt.jar:/Library/Java/JavaVirtualMachines/jdk1.8.0_191.jdk/Contents/Home/lib/ant-javafx.jar:/Library/Java/JavaVirtualMachines/jdk1.8.0_191.jdk/Contents/Home
Launcher Type: SUN_STANDARD

Environment Variables:
PATH=/anaconda3/bin:/Library/Frameworks/Python.framework/Versions/3.7/bin:/Library/Frameworks/Python.framework/Versions/3.7/bin:/usr/local/bin:/usr/bin:/bin:/usr/sbin:/sbin:/opt/apache-maven-3.5.4/bin
SHELL=/bin/bash

Signal Handlers:
SIGSEGV: [libjvm.dylib+0x5b5de9], sa_mask[0]=11111111011111110111111111111111, sa_flags=SA_ONSTACK|SA_RESTART|SA_SIGINFO
SIGBUS: [libjvm.dylib+0x5b5de9], sa_mask[0]=11111111011111110111111111111111, sa_flags=SA_RESTART|SA_SIGINFO
SIGFPE: [libjvm.dylib+0x48b6b0], sa_mask[0]=11111111011111110111111111111111, sa_flags=SA_RESTART|SA_SIGINFO
SIGPIPE: [libjvm.dylib+0x48b6b0], sa_mask[0]=11111111011111110111111111111111, sa_flags=SA_RESTART|SA_SIGINFO
SIGXFSZ: [libjvm.dylib+0x48b6b0], sa_mask[0]=11111111011111110111111111111111, sa_flags=SA_RESTART|SA_SIGINFO
SIGILL: [libjvm.dylib+0x48b6b0], sa_mask[0]=11111111011111110111111111111111, sa_flags=SA_RESTART|SA_SIGINFO
SIGUSR1: SIG_DFL, sa_mask[0]=00000000000000000000000000000000, sa_flags=none
SIGUSR2: [libjvm.dylib+0x48b1ce], sa_mask[0]=00100000000000000000000000000000, sa_flags=SA_RESTART|SA_SIGINFO
SIGHUP: [libjvm.dylib+0x489759], sa_mask[0]=11111111011111110111111111111111, sa_flags=SA_RESTART|SA_SIGINFO
SIGINT: [libjvm.dylib+0x489759], sa_mask[0]=11111111011111110111111111111111, sa_flags=SA_RESTART|SA_SIGINFO
SIGTERM: [libjvm.dylib+0x489759], sa_mask[0]=11111111011111110111111111111111, sa_flags=SA_RESTART|SA_SIGINFO
SIGQUIT: [libjvm.dylib+0x489759], sa_mask[0]=11111111011111110111111111111111, sa_flags=SA_RESTART|SA_SIGINFO


---------------  S Y S T E M  ---------------

OS:Bsduname:Darwin 17.4.0 Darwin Kernel Version 17.4.0: Sun Dec 17 09:19:54 PST 2017; root:xnu-4570.41.2~1/RELEASE_X86_64 x86_64
rlimit: STACK 8192k, CORE 0k, NPROC 1418, NOFILE 10240, AS infinity
load average:3.50 3.69 3.59

CPU:total 8 (initial active 8) (4 cores per cpu, 2 threads per core) family 6 model 70 stepping 1, cmov, cx8, fxsr, mmx, sse, sse2, sse3, ssse3, sse4.1, sse4.2, popcnt, avx, avx2, aes, clmul, erms, lzcnt, ht, tsc, tscinvbit, bmi1, bmi2

Memory: 4k page, physical 16777216k(2695912k free)

/proc/meminfo:


vm_info: Java HotSpot(TM) 64-Bit Server VM (25.191-b12) for bsd-amd64 JRE (1.8.0_191-b12), built on Oct  6 2018 08:37:07 by "java_re" with gcc 4.2.1 (Based on Apple Inc. build 5658) (LLVM build 2336.11.00)

time: Sun Nov 11 19:57:51 2018
elapsed time: 3579 seconds (0d 0h 59m 39s)

